[2025-05-16 11:00:57]
Arquivo: C:\xampp\htdocs\xampp\exemplo-crud-poo-luca\src\Services\FabricanteServico.php
Linha: 23
Mensagem: SQLSTATE[42S02]: Base table or view not found: 1146 Table 'vendas.fabricante' doesn't exist

[2025-05-16 11:00:57]
Arquivo: C:\xampp\htdocs\xampp\exemplo-crud-poo-luca\src\Services\FabricanteServico.php
Linha: 27
Mensagem: Erro:SQLSTATE[42S02]: Base table or view not found: 1146 Table 'vendas.fabricante' doesn't exist

[2025-05-20 08:13:44]
Arquivo: C:\xampp\htdocs\xampp\exemplo-crud-poo-luca\src\Services\FabricanteServico.php
Linha: 23
Mensagem: SQLSTATE[42S02]: Base table or view not found: 1146 Table 'vendas.fabricante' doesn't exist

[2025-05-20 08:13:44]
Arquivo: C:\xampp\htdocs\xampp\exemplo-crud-poo-luca\src\Services\FabricanteServico.php
Linha: 27
Mensagem: Erro:SQLSTATE[42S02]: Base table or view not found: 1146 Table 'vendas.fabricante' doesn't exist

[2025-05-20 08:13:46]
Arquivo: C:\xampp\htdocs\xampp\exemplo-crud-poo-luca\src\Services\FabricanteServico.php
Linha: 23
Mensagem: SQLSTATE[42S02]: Base table or view not found: 1146 Table 'vendas.fabricante' doesn't exist

[2025-05-20 08:13:46]
Arquivo: C:\xampp\htdocs\xampp\exemplo-crud-poo-luca\src\Services\FabricanteServico.php
Linha: 27
Mensagem: Erro:SQLSTATE[42S02]: Base table or view not found: 1146 Table 'vendas.fabricante' doesn't exist

[2025-05-20 08:24:11]
Arquivo: C:\xampp\htdocs\xampp\exemplo-crud-poo-luca\src\Services\FabricanteServico.php
Linha: 23
Mensagem: SQLSTATE[42S02]: Base table or view not found: 1146 Table 'vendas.fabricante' doesn't exist

[2025-05-20 08:24:13]
Arquivo: C:\xampp\htdocs\xampp\exemplo-crud-poo-luca\src\Services\FabricanteServico.php
Linha: 23
Mensagem: SQLSTATE[42S02]: Base table or view not found: 1146 Table 'vendas.fabricante' doesn't exist

[2025-05-20 08:29:13]
Arquivo: C:\xampp\htdocs\xampp\exemplo-crud-poo-luca\src\Services\FabricanteServico.php
Linha: 23
Mensagem: SQLSTATE[42S02]: Base table or view not found: 1146 Table 'vendas.fabricante' doesn't exist

[2025-05-20 08:29:14]
Arquivo: C:\xampp\htdocs\xampp\exemplo-crud-poo-luca\src\Services\FabricanteServico.php
Linha: 23
Mensagem: SQLSTATE[42S02]: Base table or view not found: 1146 Table 'vendas.fabricante' doesn't exist

[2025-05-20 08:29:14]
Arquivo: C:\xampp\htdocs\xampp\exemplo-crud-poo-luca\src\Services\FabricanteServico.php
Linha: 23
Mensagem: SQLSTATE[42S02]: Base table or view not found: 1146 Table 'vendas.fabricante' doesn't exist

[2025-05-20 08:29:36]
Arquivo: C:\xampp\htdocs\xampp\exemplo-crud-poo-luca\src\Services\FabricanteServico.php
Linha: 23
Mensagem: SQLSTATE[42S02]: Base table or view not found: 1146 Table 'vendas.fabricante' doesn't exist

[2025-05-20 08:29:36]
Arquivo: C:\xampp\htdocs\xampp\exemplo-crud-poo-luca\src\Services\FabricanteServico.php
Linha: 23
Mensagem: SQLSTATE[42S02]: Base table or view not found: 1146 Table 'vendas.fabricante' doesn't exist

[2025-05-20 08:30:11]
Arquivo: C:\xampp\htdocs\xampp\exemplo-crud-poo-luca\src\Services\FabricanteServico.php
Linha: 23
Mensagem: SQLSTATE[42S02]: Base table or view not found: 1146 Table 'vendas.fabricante' doesn't exist

[2025-05-20 08:30:12]
Arquivo: C:\xampp\htdocs\xampp\exemplo-crud-poo-luca\src\Services\FabricanteServico.php
Linha: 23
Mensagem: SQLSTATE[42S02]: Base table or view not found: 1146 Table 'vendas.fabricante' doesn't exist

[2025-05-20 08:30:12]
Arquivo: C:\xampp\htdocs\xampp\exemplo-crud-poo-luca\src\Services\FabricanteServico.php
Linha: 23
Mensagem: SQLSTATE[42S02]: Base table or view not found: 1146 Table 'vendas.fabricante' doesn't exist

[2025-05-20 08:33:18]
Arquivo: C:\xampp\htdocs\xampp\exemplo-crud-poo-luca\src\Services\FabricanteServico.php
Linha: 23
Mensagem: SQLSTATE[42S02]: Base table or view not found: 1146 Table 'vendas.fabricante' doesn't exist

[2025-05-20 08:33:19]
Arquivo: C:\xampp\htdocs\xampp\exemplo-crud-poo-luca\src\Services\FabricanteServico.php
Linha: 23
Mensagem: SQLSTATE[42S02]: Base table or view not found: 1146 Table 'vendas.fabricante' doesn't exist

[2025-05-20 08:33:19]
Arquivo: C:\xampp\htdocs\xampp\exemplo-crud-poo-luca\src\Services\FabricanteServico.php
Linha: 23
Mensagem: SQLSTATE[42S02]: Base table or view not found: 1146 Table 'vendas.fabricante' doesn't exist

